<?xml version="1.0" encoding="UTF-8"?>
<!-- Generated by org.testng.reporters.JUnitXMLReporter -->
<testsuite ignored="0" hostname="INBook_X1" failures="0" tests="6" name="Opencart master" time="58.673" errors="0" timestamp="2024-06-06T12:24:55 IST">
  <testcase classname="testCases.tc_001_account_registration" name="verify_account_registration" time="3.108"/>
  <testcase classname="testCases.tc_002_login_test" name="verify_login" time="3.001"/>
  <testcase classname="testCases.tc_003_login_ddt" name="verify_login_ddt" time="3.213"/>
  <testcase classname="testCases.tc_003_login_ddt" name="verify_login_ddt" time="11.271"/>
  <testcase classname="testCases.tc_003_login_ddt" name="verify_login_ddt" time="11.502"/>
  <testcase classname="testCases.tc_003_login_ddt" name="verify_login_ddt" time="11.305"/>
</testsuite> <!-- Opencart master -->
