<?xml version="1.0" encoding="UTF-8"?>
<testng-results ignored="0" total="1" passed="1" failed="0" skipped="0">
  <reporter-output>
  </reporter-output>
  <suite started-at="2024-06-05T00:39:28 IST" name="All Test Suite" finished-at="2024-06-05T00:39:34 IST" duration-ms="6259">
    <groups>
      <group name="sanity">
        <method signature="tc_001_account_registration.verify_account_registration()[pri:0, instance:testCases.tc_001_account_registration@79da8dc5]" name="verify_account_registration" class="testCases.tc_001_account_registration"/>
      </group> <!-- sanity -->
      <group name="master">
        <method signature="tc_001_account_registration.verify_account_registration()[pri:0, instance:testCases.tc_001_account_registration@79da8dc5]" name="verify_account_registration" class="testCases.tc_001_account_registration"/>
      </group> <!-- master -->
    </groups>
    <test started-at="2024-06-05T00:39:28 IST" name="C:/Users/robin/IdeaProjects/opencart" finished-at="2024-06-05T00:39:34 IST" duration-ms="6259">
      <class name="testCases.tc_001_account_registration">
        <test-method is-config="true" signature="setup(java.lang.String,java.lang.String)[pri:0, instance:testCases.tc_001_account_registration@79da8dc5]" started-at="2024-06-05T00:39:28 IST" name="setup" finished-at="2024-06-05T00:39:32 IST" duration-ms="3210" status="PASS">
          <params>
            <param index="0">
              <value>
                <![CDATA[windows]]>
              </value>
            </param>
            <param index="1">
              <value>
                <![CDATA[chrome]]>
              </value>
            </param>
          </params>
          <reporter-output>
          </reporter-output>
        </test-method> <!-- setup -->
        <test-method signature="verify_account_registration()[pri:0, instance:testCases.tc_001_account_registration@79da8dc5]" started-at="2024-06-05T00:39:32 IST" name="verify_account_registration" finished-at="2024-06-05T00:39:34 IST" duration-ms="1949" status="PASS">
          <reporter-output>
          </reporter-output>
        </test-method> <!-- verify_account_registration -->
        <test-method is-config="true" signature="teardown()[pri:0, instance:testCases.tc_001_account_registration@79da8dc5]" started-at="2024-06-05T00:39:34 IST" name="teardown" finished-at="2024-06-05T00:39:34 IST" duration-ms="698" status="PASS">
          <reporter-output>
          </reporter-output>
        </test-method> <!-- teardown -->
      </class> <!-- testCases.tc_001_account_registration -->
    </test> <!-- C:/Users/robin/IdeaProjects/opencart -->
  </suite> <!-- All Test Suite -->
</testng-results>
